0 info it worked if it ends with ok
1 verbose cli [ '/usr/local/bin/node',
1 verbose cli   '/usr/local/bin/npm',
1 verbose cli   'run',
1 verbose cli   'build:css' ]
2 info using npm@3.10.10
3 info using node@v6.11.0
4 verbose run-script [ 'prebuild:css', 'build:css', 'postbuild:css' ]
5 info lifecycle static-UI@1.0.0~prebuild:css: static-UI@1.0.0
6 silly lifecycle static-UI@1.0.0~prebuild:css: no script for prebuild:css, continuing
7 info lifecycle static-UI@1.0.0~build:css: static-UI@1.0.0
8 verbose lifecycle static-UI@1.0.0~build:css: unsafe-perm in lifecycle true
9 verbose lifecycle static-UI@1.0.0~build:css: PATH: /usr/local/lib/node_modules/npm/bin/node-gyp-bin:/Users/chris/Fullstack/Workshops/static-ui-start/node_modules/.bin:/usr/local/bin:/usr/bin:/bin:/usr/sbin:/sbin:/Applications/Postgres.app/Contents/Versions/latest/bin
10 verbose lifecycle static-UI@1.0.0~build:css: CWD: /Users/chris/Fullstack/Workshops/static-ui-start
11 silly lifecycle static-UI@1.0.0~build:css: Args: [ '-c',
11 silly lifecycle   'node-sass -w -r assets/stylesheets -o public/stylesheets' ]
12 silly lifecycle static-UI@1.0.0~build:css: Returned: code: 1  signal: null
13 info lifecycle static-UI@1.0.0~build:css: Failed to exec build:css script
14 verbose stack Error: static-UI@1.0.0 build:css: `node-sass -w -r assets/stylesheets -o public/stylesheets`
14 verbose stack Exit status 1
14 verbose stack     at EventEmitter.<anonymous> (/usr/local/lib/node_modules/npm/lib/utils/lifecycle.js:255:16)
14 verbose stack     at emitTwo (events.js:106:13)
14 verbose stack     at EventEmitter.emit (events.js:191:7)
14 verbose stack     at ChildProcess.<anonymous> (/usr/local/lib/node_modules/npm/lib/utils/spawn.js:40:14)
14 verbose stack     at emitTwo (events.js:106:13)
14 verbose stack     at ChildProcess.emit (events.js:191:7)
14 verbose stack     at maybeClose (internal/child_process.js:891:16)
14 verbose stack     at Process.ChildProcess._handle.onexit (internal/child_process.js:226:5)
15 verbose pkgid static-UI@1.0.0
16 verbose cwd /Users/chris/Fullstack/Workshops/static-ui-start
17 error Darwin 16.7.0
18 error argv "/usr/local/bin/node" "/usr/local/bin/npm" "run" "build:css"
19 error node v6.11.0
20 error npm  v3.10.10
21 error code ELIFECYCLE
22 error static-UI@1.0.0 build:css: `node-sass -w -r assets/stylesheets -o public/stylesheets`
22 error Exit status 1
23 error Failed at the static-UI@1.0.0 build:css script 'node-sass -w -r assets/stylesheets -o public/stylesheets'.
23 error Make sure you have the latest version of node.js and npm installed.
23 error If you do, this is most likely a problem with the static-UI package,
23 error not with npm itself.
23 error Tell the author that this fails on your system:
23 error     node-sass -w -r assets/stylesheets -o public/stylesheets
23 error You can get information on how to open an issue for this project with:
23 error     npm bugs static-UI
23 error Or if that isn't available, you can get their info via:
23 error     npm owner ls static-UI
23 error There is likely additional logging output above.
24 verbose exit [ 1, true ]
